{
  "RSpec": {
    "coverage": {
      "/Users/student/Documents/Projects/Week-4/Bookmark-Manager/app.rb": [
        1,
        1,
        null,
        1,
        null,
        1,
        null,
        1,
        1,
        null,
        null,
        1,
        6,
        6,
        null,
        null,
        1,
        1,
        null,
        null,
        1,
        1,
        1,
        null,
        null,
        1,
        1,
        1,
        null,
        null,
        1,
        1,
        1,
        null,
        null,
        1,
        1,
        1,
        null,
        null,
        null,
        1,
        null,
        null
      ],
      "/Users/student/Documents/Projects/Week-4/Bookmark-Manager/lib/bookmark.rb": [
        1,
        null,
        1,
        null,
        1,
        null,
        1,
        10,
        10,
        null,
        0,
        null,
        10,
        10,
        10,
        null,
        null,
        null,
        1,
        6,
        6,
        null,
        0,
        null,
        6,
        6,
        null,
        null,
        1,
        2,
        2,
        null,
        0,
        null,
        2,
        null,
        null,
        1,
        2,
        2,
        null,
        2,
        2,
        null,
        0,
        null,
        null,
        2,
        2,
        null,
        null,
        1,
        3,
        3,
        null,
        0,
        null,
        3,
        3,
        null,
        null,
        1,
        null,
        1,
        2,
        null,
        null,
        1,
        null,
        1,
        21,
        21,
        21,
        null,
        null,
        null
      ],
      "/Users/student/Documents/Projects/Week-4/Bookmark-Manager/spec/features/add_bookmark_spec.rb": [
        1,
        1,
        1,
        1,
        1,
        1,
        1,
        null,
        null
      ],
      "/Users/student/Documents/Projects/Week-4/Bookmark-Manager/spec/features/delete_bookmark_spec.rb": [
        1,
        1,
        null,
        null,
        1,
        1,
        1,
        null,
        1,
        null,
        1,
        1,
        null,
        null,
        null
      ],
      "/Users/student/Documents/Projects/Week-4/Bookmark-Manager/spec/features/test_spec.rb": [
        null,
        null,
        null,
        null,
        null,
        null
      ],
      "/Users/student/Documents/Projects/Week-4/Bookmark-Manager/spec/features/updating_bookmark_spec.rb": [
        1,
        1,
        null,
        1,
        1,
        1,
        1,
        null,
        1,
        1,
        1,
        null,
        1,
        1,
        1,
        null,
        null,
        null
      ],
      "/Users/student/Documents/Projects/Week-4/Bookmark-Manager/spec/features/view_bookmarks_spec.rb": [
        1,
        1,
        null,
        null,
        1,
        null,
        1,
        1,
        1,
        null,
        null
      ],
      "/Users/student/Documents/Projects/Week-4/Bookmark-Manager/spec/unit/bookmark_spec.rb": [
        1,
        1,
        null,
        1,
        null,
        null,
        null,
        null,
        null,
        null,
        1,
        1,
        1,
        1,
        1,
        1,
        1,
        1,
        1,
        null,
        null,
        null,
        1,
        1,
        1,
        1,
        1,
        1,
        1,
        1,
        null,
        null,
        null,
        1,
        1,
        1,
        1,
        null,
        null,
        1,
        null,
        null,
        null,
        1,
        1,
        1,
        null,
        null,
        null,
        1,
        1,
        1,
        null,
        1,
        null,
        null,
        null,
        null,
        1,
        null,
        1,
        1,
        null,
        1,
        null,
        1,
        1,
        1,
        1,
        null,
        null,
        null,
        null
      ],
      "/Users/student/Documents/Projects/Week-4/Bookmark-Manager/spec/unit/database_helpers.rb": [
        1,
        null,
        1,
        2,
        2,
        2,
        null
      ]
    },
    "timestamp": 1570637926
  }
}
